Using pre-set license
Built from '2021.3/china_unity/release' branch; Version is '2021.3.6f1c1 (07401303b748) revision 475155'; Using compiler version '192829333'; Build Type 'Release'
OS: 'Windows 11  (10.0.22621) 64bit CoreCountrySpecific' Language: 'zh' Physical Memory: 16151 MB
BatchMode: 1, IsHumanControllingUs: 0, StartBugReporterOnCrash: 0, Is64bit: 1, IsPro: 1

COMMAND LINE ARGUMENTS:
D:\GameDevelopmentTools\Unity\Unity 2021.3.6f1c1\Editor\Unity.exe
-adb2
-batchMode
-noUpm
-name
AssetImportWorker0
-projectPath
D:/CUSGA_Branch/CUSGA
-logFile
Logs/AssetImportWorker0.log
-srvPort
13914
Successfully changed project path to: D:/CUSGA_Branch/CUSGA
D:/CUSGA_Branch/CUSGA
[UnityMemory] Configuration Parameters - Can be set up in boot.config
    "memorysetup-bucket-allocator-granularity=16"
    "memorysetup-bucket-allocator-bucket-count=8"
    "memorysetup-bucket-allocator-block-size=33554432"
    "memorysetup-bucket-allocator-block-count=8"
    "memorysetup-main-allocator-block-size=16777216"
    "memorysetup-thread-allocator-block-size=16777216"
    "memorysetup-gfx-main-allocator-block-size=16777216"
    "memorysetup-gfx-thread-allocator-block-size=16777216"
    "memorysetup-cache-allocator-block-size=4194304"
    "memorysetup-typetree-allocator-block-size=2097152"
    "memorysetup-profiler-bucket-allocator-granularity=16"
    "memorysetup-profiler-bucket-allocator-bucket-count=8"
    "memorysetup-profiler-bucket-allocator-block-size=33554432"
    "memorysetup-profiler-bucket-allocator-block-count=8"
    "memorysetup-profiler-allocator-block-size=16777216"
    "memorysetup-profiler-editor-allocator-block-size=1048576"
    "memorysetup-temp-allocator-size-main=16777216"
    "memorysetup-job-temp-allocator-block-size=2097152"
    "memorysetup-job-temp-allocator-block-size-background=1048576"
    "memorysetup-job-temp-allocator-reduction-small-platforms=262144"
    "memorysetup-temp-allocator-size-background-worker=32768"
    "memorysetup-temp-allocator-size-job-worker=262144"
    "memorysetup-temp-allocator-size-preload-manager=33554432"
    "memorysetup-temp-allocator-size-nav-mesh-worker=65536"
    "memorysetup-temp-allocator-size-audio-worker=65536"
    "memorysetup-temp-allocator-size-cloud-worker=32768"
    "memorysetup-temp-allocator-size-gi-baking-worker=262144"
    "memorysetup-temp-allocator-size-gfx=262144"
AS: AutoStreaming module initializing.
Refreshing native plugins compatible for Editor in 80.28 ms, found 4 plugins.
Preloading 0 native plugins for Editor in 0.00 ms.
Initialize engine version: 2021.3.6f1c1 (07401303b748)
[Subsystems] Discovering subsystems at path D:/GameDevelopmentTools/Unity/Unity 2021.3.6f1c1/Editor/Data/Resources/UnitySubsystems
[Subsystems] Discovering subsystems at path D:/CUSGA_Branch/CUSGA/Assets
GfxDevice: creating device client; threaded=0; jobified=0
Direct3D:
    Version:  Direct3D 11.0 [level 11.1]
    Renderer: NVIDIA GeForce RTX 3050 Ti Laptop GPU (ID=0x25e0)
    Vendor:   NVIDIA
    VRAM:     3990 MB
    Driver:   30.0.15.1236
Initialize mono
Mono path[0] = 'D:/GameDevelopmentTools/Unity/Unity 2021.3.6f1c1/Editor/Data/Managed'
Mono path[1] = 'D:/GameDevelopmentTools/Unity/Unity 2021.3.6f1c1/Editor/Data/MonoBleedingEdge/lib/mono/unityjit-win32'
Mono config path = 'D:/GameDevelopmentTools/Unity/Unity 2021.3.6f1c1/Editor/Data/MonoBleedingEdge/etc'
Using monoOptions --debugger-agent=transport=dt_socket,embedding=1,server=y,suspend=n,address=127.0.0.1:56524
Begin MonoManager ReloadAssembly
Registering precompiled unity dll's ...
Register platform support module: D:/GameDevelopmentTools/Unity/Unity 2021.3.6f1c1/Editor/Data/PlaybackEngines/WindowsStandaloneSupport/UnityEditor.WindowsStandalone.Extensions.dll
Registered in 0.002620 seconds.
Native extension for WindowsStandalone target not found
Refreshing native plugins compatible for Editor in 82.07 ms, found 4 plugins.
Preloading 0 native plugins for Editor in 0.00 ms.
Mono: successfully reloaded assembly
- Completed reload, in  0.563 seconds
Domain Reload Profiling:
	ReloadAssembly (571ms)
		BeginReloadAssembly (97ms)
			ExecutionOrderSort (0ms)
			DisableScriptedObjects (0ms)
			BackupInstance (0ms)
			ReleaseScriptingObjects (0ms)
			CreateAndSetChildDomain (1ms)
		EndReloadAssembly (373ms)
			LoadAssemblies (86ms)
			RebuildTransferFunctionScriptingTraits (0ms)
			SetupTypeCache (80ms)
			ReleaseScriptCaches (0ms)
			RebuildScriptCaches (22ms)
			SetupLoadedEditorAssemblies (221ms)
				LogAssemblyErrors (0ms)
				InitializePlatformSupportModulesInManaged (5ms)
				SetLoadedEditorAssemblies (0ms)
				RefreshPlugins (82ms)
				BeforeProcessingInitializeOnLoad (1ms)
				ProcessInitializeOnLoadAttributes (96ms)
				ProcessInitializeOnLoadMethodAttributes (36ms)
				AfterProcessingInitializeOnLoad (0ms)
				EditorAssembliesLoaded (0ms)
			ExecutionOrderSort2 (0ms)
			AwakeInstancesAfterBackupRestoration (0ms)
Platform modules already initialized, skipping
Registering precompiled user dll's ...
Registered in 0.015097 seconds.
Begin MonoManager ReloadAssembly
Symbol file LoadedFromMemory doesn't match image D:\CUSGA_Branch\CUSGA\Library\PackageCache\com.unity.visualscripting@1.7.8\Editor\VisualScripting.Core\Dependencies\YamlDotNet\Unity.VisualScripting.YamlDotNet.dll
Symbol file LoadedFromMemory doesn't match image D:\CUSGA_Branch\CUSGA\Library\PackageCache\com.unity.visualscripting@1.7.8\Editor\VisualScripting.Core\Dependencies\DotNetZip\Unity.VisualScripting.IonicZip.dll
Native extension for WindowsStandalone target not found
Refreshing native plugins compatible for Editor in 79.23 ms, found 4 plugins.
Preloading 0 native plugins for Editor in 0.00 ms.
Mono: successfully reloaded assembly
- Completed reload, in  1.071 seconds
Domain Reload Profiling:
	ReloadAssembly (1071ms)
		BeginReloadAssembly (136ms)
			ExecutionOrderSort (0ms)
			DisableScriptedObjects (5ms)
			BackupInstance (0ms)
			ReleaseScriptingObjects (0ms)
			CreateAndSetChildDomain (21ms)
		EndReloadAssembly (823ms)
			LoadAssemblies (120ms)
			RebuildTransferFunctionScriptingTraits (0ms)
			SetupTypeCache (194ms)
			ReleaseScriptCaches (1ms)
			RebuildScriptCaches (49ms)
			SetupLoadedEditorAssemblies (430ms)
				LogAssemblyErrors (0ms)
				InitializePlatformSupportModulesInManaged (3ms)
				SetLoadedEditorAssemblies (0ms)
				RefreshPlugins (79ms)
				BeforeProcessingInitializeOnLoad (86ms)
				ProcessInitializeOnLoadAttributes (210ms)
				ProcessInitializeOnLoadMethodAttributes (33ms)
				AfterProcessingInitializeOnLoad (18ms)
				EditorAssembliesLoaded (0ms)
			ExecutionOrderSort2 (0ms)
			AwakeInstancesAfterBackupRestoration (9ms)
Platform modules already initialized, skipping
========================================================================
Worker process is ready to serve import requests
Launched and connected shader compiler UnityShaderCompiler.exe after 0.04 seconds
Refreshing native plugins compatible for Editor in 1.02 ms, found 4 plugins.
Preloading 0 native plugins for Editor in 0.00 ms.
Unloading 4252 Unused Serialized files (Serialized files now loaded: 0)
Unloading 51 unused Assets / (128.2 KB). Loaded Objects now: 4710.
Memory consumption went from 160.1 MB to 159.9 MB.
Total: 3.060700 ms (FindLiveObjects: 0.260500 ms CreateObjectMapping: 0.107500 ms MarkObjects: 2.606100 ms  DeleteObjects: 0.085300 ms)

AssetImportParameters requested are different than current active one (requested -> active):
  custom:video-decoder-ogg-theora: a1e56fd34408186e4bbccfd4996cb3dc -> 
  custom:container-muxer-webm: aa71ff27fc2769a1b78a27578f13a17b -> 
  custom:container-demuxer-webm: 4f35f7cbe854078d1ac9338744f61a02 -> 
  custom:video-encoder-webm-vp8: eb34c28f22e8b96e1ab97ce403110664 -> 
  custom:video-codec-MediaFoundation-h265: 746d11721c4dcdbdad8f713fa42b33f4 -> 
  custom:audio-encoder-webm-vorbis: bf7c407c2cedff20999df2af8eb42d56 -> 
  custom:framework-win-MediaFoundation: 216162199b28c13a410421893ffa2e32 -> 
  custom:container-demuxer-ogg: 62fdf1f143b41e24485cea50d1cbac27 -> 
  custom:video-decoder-webm-vp8: 9c59270c3fd7afecdb556c50c9e8de78 -> 
  custom:audio-decoder-ogg-vorbis: bf7c407c2cedff20999df2af8eb42d56 -> 
========================================================================
Received Import Request.
  Time since last request: 354542.401985 seconds.
  path: Assets/Data/UI_Data/Character/level1_character/Need/yi_character.asset
  artifactKey: Guid(dacdc1f3b59aac740a3bee71271946cf) Importer(815301076,1909f56bfc062723c751e8b465ee728b)
Start importing Assets/Data/UI_Data/Character/level1_character/Need/yi_character.asset using Guid(dacdc1f3b59aac740a3bee71271946cf) Importer(815301076,1909f56bfc062723c751e8b465ee728b)  -> (artifact id: '5c440b8f3be753d63ff849a4441461ae') in 0.045521 seconds 
========================================================================
Received Import Request.
  Time since last request: 0.000030 seconds.
  path: Assets/Data/UI_Data/Character/level1_character/Need/zhang_character.asset
  artifactKey: Guid(fd6304eee04ede94ca0f4f48a039053c) Importer(815301076,1909f56bfc062723c751e8b465ee728b)
Start importing Assets/Data/UI_Data/Character/level1_character/Need/zhang_character.asset using Guid(fd6304eee04ede94ca0f4f48a039053c) Importer(815301076,1909f56bfc062723c751e8b465ee728b)  -> (artifact id: 'afee603a6c6aa146ba7660279c177b22') in 0.002785 seconds 
========================================================================
Received Import Request.
  Time since last request: 1.996438 seconds.
  path: Assets/Data/UI_Data/Brush/level1_brush/dian.asset
  artifactKey: Guid(948ebcfccdc6d7143a1a59cc112a4784) Importer(815301076,1909f56bfc062723c751e8b465ee728b)
Start importing Assets/Data/UI_Data/Brush/level1_brush/dian.asset using Guid(948ebcfccdc6d7143a1a59cc112a4784) Importer(815301076,1909f56bfc062723c751e8b465ee728b)  -> (artifact id: 'ed91616462da31f554a37aebce0883a1') in 0.002891 seconds 
========================================================================
Received Import Request.
  Time since last request: 0.003962 seconds.
  path: Assets/Data/UI_Data/Brush/level1_brush/hengzhegou.asset
  artifactKey: Guid(fcf56eac68f74bf45aae9b3f631ff737) Importer(815301076,1909f56bfc062723c751e8b465ee728b)
Start importing Assets/Data/UI_Data/Brush/level1_brush/hengzhegou.asset using Guid(fcf56eac68f74bf45aae9b3f631ff737) Importer(815301076,1909f56bfc062723c751e8b465ee728b)  -> (artifact id: 'd09e39a4b7b2c12dc00354379028a8af') in 0.002736 seconds 
========================================================================
Received Import Request.
  Time since last request: 0.003995 seconds.
  path: Assets/Data/UI_Data/Brush/level1_brush/na.asset
  artifactKey: Guid(b3b63b4141a9b7c4c9541eb899797d24) Importer(815301076,1909f56bfc062723c751e8b465ee728b)
Start importing Assets/Data/UI_Data/Brush/level1_brush/na.asset using Guid(b3b63b4141a9b7c4c9541eb899797d24) Importer(815301076,1909f56bfc062723c751e8b465ee728b)  -> (artifact id: '23f4ab6a603de6a0e660f3966ca0fd21') in 0.003211 seconds 
========================================================================
Received Import Request.
  Time since last request: 0.000026 seconds.
  path: Assets/Data/UI_Data/Brush/level1_brush/shuti.asset
  artifactKey: Guid(9417c99b6a52e624ca442487feb5f9c6) Importer(815301076,1909f56bfc062723c751e8b465ee728b)
Start importing Assets/Data/UI_Data/Brush/level1_brush/shuti.asset using Guid(9417c99b6a52e624ca442487feb5f9c6) Importer(815301076,1909f56bfc062723c751e8b465ee728b)  -> (artifact id: 'a79f35964146f1dfaacc184314a0e766') in 0.003165 seconds 
========================================================================
Received Import Request.
  Time since last request: 0.000023 seconds.
  path: Assets/Data/UI_Data/Brush/level1_brush/shugou.asset
  artifactKey: Guid(1902e6aaabdc9ce4089f4931886a6292) Importer(815301076,1909f56bfc062723c751e8b465ee728b)
Start importing Assets/Data/UI_Data/Brush/level1_brush/shugou.asset using Guid(1902e6aaabdc9ce4089f4931886a6292) Importer(815301076,1909f56bfc062723c751e8b465ee728b)  -> (artifact id: 'aeffab4296a7c3ba8a0969d41810b080') in 0.002622 seconds 
========================================================================
Received Import Request.
  Time since last request: 0.000025 seconds.
  path: Assets/Data/UI_Data/Brush/level1_brush/shu.asset
  artifactKey: Guid(7270d1ae65a2a334080510f516506d38) Importer(815301076,1909f56bfc062723c751e8b465ee728b)
Start importing Assets/Data/UI_Data/Brush/level1_brush/shu.asset using Guid(7270d1ae65a2a334080510f516506d38) Importer(815301076,1909f56bfc062723c751e8b465ee728b)  -> (artifact id: '151e5675e2cc72332df08b2904a48b2b') in 0.002825 seconds 
Editor requested this worker to shutdown with reason: Scaling down because of idle timeout
AssetImportWorker is now disconnected from the server
Process exiting
Exiting without the bug reporter. Application will terminate with return code 0