Using pre-set license
Built from '2021.3/china_unity/release' branch; Version is '2021.3.6f1c1 (07401303b748) revision 475155'; Using compiler version '192829333'; Build Type 'Release'
OS: 'Windows 11  (10.0.22621) 64bit CoreCountrySpecific' Language: 'zh' Physical Memory: 16151 MB
BatchMode: 1, IsHumanControllingUs: 0, StartBugReporterOnCrash: 0, Is64bit: 1, IsPro: 1

COMMAND LINE ARGUMENTS:
D:\GameDevelopmentTools\Unity\Unity 2021.3.6f1c1\Editor\Unity.exe
-adb2
-batchMode
-noUpm
-name
AssetImportWorker2
-projectPath
D:/CUSGA_Branch/CUSGA
-logFile
Logs/AssetImportWorker2.log
-srvPort
4586
Successfully changed project path to: D:/CUSGA_Branch/CUSGA
D:/CUSGA_Branch/CUSGA
[UnityMemory] Configuration Parameters - Can be set up in boot.config
    "memorysetup-bucket-allocator-granularity=16"
    "memorysetup-bucket-allocator-bucket-count=8"
    "memorysetup-bucket-allocator-block-size=33554432"
    "memorysetup-bucket-allocator-block-count=8"
    "memorysetup-main-allocator-block-size=16777216"
    "memorysetup-thread-allocator-block-size=16777216"
    "memorysetup-gfx-main-allocator-block-size=16777216"
    "memorysetup-gfx-thread-allocator-block-size=16777216"
    "memorysetup-cache-allocator-block-size=4194304"
    "memorysetup-typetree-allocator-block-size=2097152"
    "memorysetup-profiler-bucket-allocator-granularity=16"
    "memorysetup-profiler-bucket-allocator-bucket-count=8"
    "memorysetup-profiler-bucket-allocator-block-size=33554432"
    "memorysetup-profiler-bucket-allocator-block-count=8"
    "memorysetup-profiler-allocator-block-size=16777216"
    "memorysetup-profiler-editor-allocator-block-size=1048576"
    "memorysetup-temp-allocator-size-main=16777216"
    "memorysetup-job-temp-allocator-block-size=2097152"
    "memorysetup-job-temp-allocator-block-size-background=1048576"
    "memorysetup-job-temp-allocator-reduction-small-platforms=262144"
    "memorysetup-temp-allocator-size-background-worker=32768"
    "memorysetup-temp-allocator-size-job-worker=262144"
    "memorysetup-temp-allocator-size-preload-manager=33554432"
    "memorysetup-temp-allocator-size-nav-mesh-worker=65536"
    "memorysetup-temp-allocator-size-audio-worker=65536"
    "memorysetup-temp-allocator-size-cloud-worker=32768"
    "memorysetup-temp-allocator-size-gi-baking-worker=262144"
    "memorysetup-temp-allocator-size-gfx=262144"
AS: AutoStreaming module initializing.
Refreshing native plugins compatible for Editor in 85.33 ms, found 4 plugins.
Preloading 0 native plugins for Editor in 0.00 ms.
Initialize engine version: 2021.3.6f1c1 (07401303b748)
[Subsystems] Discovering subsystems at path D:/GameDevelopmentTools/Unity/Unity 2021.3.6f1c1/Editor/Data/Resources/UnitySubsystems
[Subsystems] Discovering subsystems at path D:/CUSGA_Branch/CUSGA/Assets
GfxDevice: creating device client; threaded=0; jobified=0
Direct3D:
    Version:  Direct3D 11.0 [level 11.1]
    Renderer: NVIDIA GeForce RTX 3050 Ti Laptop GPU (ID=0x25e0)
    Vendor:   NVIDIA
    VRAM:     3990 MB
    Driver:   30.0.15.1236
Initialize mono
Mono path[0] = 'D:/GameDevelopmentTools/Unity/Unity 2021.3.6f1c1/Editor/Data/Managed'
Mono path[1] = 'D:/GameDevelopmentTools/Unity/Unity 2021.3.6f1c1/Editor/Data/MonoBleedingEdge/lib/mono/unityjit-win32'
Mono config path = 'D:/GameDevelopmentTools/Unity/Unity 2021.3.6f1c1/Editor/Data/MonoBleedingEdge/etc'
Using monoOptions --debugger-agent=transport=dt_socket,embedding=1,server=y,suspend=n,address=127.0.0.1:56512
Begin MonoManager ReloadAssembly
Registering precompiled unity dll's ...
Register platform support module: D:/GameDevelopmentTools/Unity/Unity 2021.3.6f1c1/Editor/Data/PlaybackEngines/WindowsStandaloneSupport/UnityEditor.WindowsStandalone.Extensions.dll
Registered in 0.003327 seconds.
Native extension for WindowsStandalone target not found
Refreshing native plugins compatible for Editor in 76.26 ms, found 4 plugins.
Preloading 0 native plugins for Editor in 0.00 ms.
Mono: successfully reloaded assembly
- Completed reload, in  0.602 seconds
Domain Reload Profiling:
	ReloadAssembly (602ms)
		BeginReloadAssembly (96ms)
			ExecutionOrderSort (0ms)
			DisableScriptedObjects (0ms)
			BackupInstance (0ms)
			ReleaseScriptingObjects (0ms)
			CreateAndSetChildDomain (1ms)
		EndReloadAssembly (392ms)
			LoadAssemblies (89ms)
			RebuildTransferFunctionScriptingTraits (0ms)
			SetupTypeCache (87ms)
			ReleaseScriptCaches (0ms)
			RebuildScriptCaches (23ms)
			SetupLoadedEditorAssemblies (228ms)
				LogAssemblyErrors (0ms)
				InitializePlatformSupportModulesInManaged (6ms)
				SetLoadedEditorAssemblies (0ms)
				RefreshPlugins (76ms)
				BeforeProcessingInitializeOnLoad (1ms)
				ProcessInitializeOnLoadAttributes (101ms)
				ProcessInitializeOnLoadMethodAttributes (43ms)
				AfterProcessingInitializeOnLoad (0ms)
				EditorAssembliesLoaded (0ms)
			ExecutionOrderSort2 (0ms)
			AwakeInstancesAfterBackupRestoration (0ms)
Platform modules already initialized, skipping
Registering precompiled user dll's ...
Registered in 0.018974 seconds.
Begin MonoManager ReloadAssembly
Symbol file LoadedFromMemory doesn't match image D:\CUSGA_Branch\CUSGA\Library\PackageCache\com.unity.visualscripting@1.7.8\Editor\VisualScripting.Core\Dependencies\YamlDotNet\Unity.VisualScripting.YamlDotNet.dll
Symbol file LoadedFromMemory doesn't match image D:\CUSGA_Branch\CUSGA\Library\PackageCache\com.unity.visualscripting@1.7.8\Editor\VisualScripting.Core\Dependencies\DotNetZip\Unity.VisualScripting.IonicZip.dll
Native extension for WindowsStandalone target not found
Refreshing native plugins compatible for Editor in 77.02 ms, found 4 plugins.
Preloading 0 native plugins for Editor in 0.00 ms.
Mono: successfully reloaded assembly
- Completed reload, in  1.040 seconds
Domain Reload Profiling:
	ReloadAssembly (1041ms)
		BeginReloadAssembly (125ms)
			ExecutionOrderSort (0ms)
			DisableScriptedObjects (4ms)
			BackupInstance (0ms)
			ReleaseScriptingObjects (0ms)
			CreateAndSetChildDomain (17ms)
		EndReloadAssembly (799ms)
			LoadAssemblies (117ms)
			RebuildTransferFunctionScriptingTraits (0ms)
			SetupTypeCache (202ms)
			ReleaseScriptCaches (1ms)
			RebuildScriptCaches (51ms)
			SetupLoadedEditorAssemblies (402ms)
				LogAssemblyErrors (0ms)
				InitializePlatformSupportModulesInManaged (3ms)
				SetLoadedEditorAssemblies (0ms)
				RefreshPlugins (77ms)
				BeforeProcessingInitializeOnLoad (87ms)
				ProcessInitializeOnLoadAttributes (181ms)
				ProcessInitializeOnLoadMethodAttributes (38ms)
				AfterProcessingInitializeOnLoad (14ms)
				EditorAssembliesLoaded (0ms)
			ExecutionOrderSort2 (0ms)
			AwakeInstancesAfterBackupRestoration (7ms)
Platform modules already initialized, skipping
========================================================================
Worker process is ready to serve import requests
Launched and connected shader compiler UnityShaderCompiler.exe after 0.05 seconds
Refreshing native plugins compatible for Editor in 1.00 ms, found 4 plugins.
Preloading 0 native plugins for Editor in 0.00 ms.
Unloading 4093 Unused Serialized files (Serialized files now loaded: 0)
Unloading 38 unused Assets / (55.4 KB). Loaded Objects now: 4551.
Memory consumption went from 153.8 MB to 153.8 MB.
Total: 4.177800 ms (FindLiveObjects: 0.602000 ms CreateObjectMapping: 0.215100 ms MarkObjects: 3.209500 ms  DeleteObjects: 0.149000 ms)

AssetImportParameters requested are different than current active one (requested -> active):
  custom:video-decoder-ogg-theora: a1e56fd34408186e4bbccfd4996cb3dc -> 
  custom:container-muxer-webm: aa71ff27fc2769a1b78a27578f13a17b -> 
  custom:container-demuxer-webm: 4f35f7cbe854078d1ac9338744f61a02 -> 
  custom:video-encoder-webm-vp8: eb34c28f22e8b96e1ab97ce403110664 -> 
  custom:video-codec-MediaFoundation-h265: 746d11721c4dcdbdad8f713fa42b33f4 -> 
  custom:audio-encoder-webm-vorbis: bf7c407c2cedff20999df2af8eb42d56 -> 
  custom:framework-win-MediaFoundation: 216162199b28c13a410421893ffa2e32 -> 
  custom:container-demuxer-ogg: 62fdf1f143b41e24485cea50d1cbac27 -> 
  custom:video-decoder-webm-vp8: 9c59270c3fd7afecdb556c50c9e8de78 -> 
  custom:audio-decoder-ogg-vorbis: bf7c407c2cedff20999df2af8eb42d56 -> 
========================================================================
Received Import Request.
  Time since last request: 281980.956790 seconds.
  path: Assets/Data/UI_Data/Character/level1_character/Need/qiu_character.asset
  artifactKey: Guid(988faa5da8185904ca697244bf113057) Importer(815301076,1909f56bfc062723c751e8b465ee728b)
Start importing Assets/Data/UI_Data/Character/level1_character/Need/qiu_character.asset using Guid(988faa5da8185904ca697244bf113057) Importer(815301076,1909f56bfc062723c751e8b465ee728b)  -> (artifact id: '800f1e74a5c643791657220b11e2cf54') in 0.048155 seconds 
========================================================================
Received Import Request.
  Time since last request: 2.510629 seconds.
  path: Assets/test_Art/character/qiu.png
  artifactKey: Guid(e262f09d7cef9a544acd7b38a1e5763a) Importer(815301076,1909f56bfc062723c751e8b465ee728b)
Start importing Assets/test_Art/character/qiu.png using Guid(e262f09d7cef9a544acd7b38a1e5763a) Importer(815301076,1909f56bfc062723c751e8b465ee728b)  -> (artifact id: 'c7b2421a0610f510a164efb4bf7f40fb') in 0.075894 seconds 
========================================================================
Received Import Request.
  Time since last request: 5.310368 seconds.
  path: Assets/Data/UI_Data/Character/level1_character/Need/ting_character.asset
  artifactKey: Guid(fb171c3fc059e284dba34e2b24965c53) Importer(815301076,1909f56bfc062723c751e8b465ee728b)
Start importing Assets/Data/UI_Data/Character/level1_character/Need/ting_character.asset using Guid(fb171c3fc059e284dba34e2b24965c53) Importer(815301076,1909f56bfc062723c751e8b465ee728b)  -> (artifact id: 'ca83cb4536be8d3b37e143747d399e42') in 0.002543 seconds 
========================================================================
Received Import Request.
  Time since last request: 3.090840 seconds.
  path: Assets/test_Art/character/ting.png
  artifactKey: Guid(f8d5c4c20cca13a4088303c1649f6144) Importer(815301076,1909f56bfc062723c751e8b465ee728b)
Start importing Assets/test_Art/character/ting.png using Guid(f8d5c4c20cca13a4088303c1649f6144) Importer(815301076,1909f56bfc062723c751e8b465ee728b)  -> (artifact id: 'd78f3220ccf32945213ebaec8a8bc625') in 0.020702 seconds 
========================================================================
Received Import Request.
  Time since last request: 6.566532 seconds.
  path: Assets/Data/UI_Data/Character/level1_character/Need/yi_character.asset
  artifactKey: Guid(dacdc1f3b59aac740a3bee71271946cf) Importer(815301076,1909f56bfc062723c751e8b465ee728b)
Start importing Assets/Data/UI_Data/Character/level1_character/Need/yi_character.asset using Guid(dacdc1f3b59aac740a3bee71271946cf) Importer(815301076,1909f56bfc062723c751e8b465ee728b)  -> (artifact id: '3a37ec404a5832ec42d236f57b341ce8') in 0.002409 seconds 
========================================================================
Received Import Request.
  Time since last request: 2.682317 seconds.
  path: Assets/test_Art/character/yi.png
  artifactKey: Guid(f1ea67b1e5176e84f891f9036c558bff) Importer(815301076,1909f56bfc062723c751e8b465ee728b)
Start importing Assets/test_Art/character/yi.png using Guid(f1ea67b1e5176e84f891f9036c558bff) Importer(815301076,1909f56bfc062723c751e8b465ee728b)  -> (artifact id: 'bb4acc92676a12f0be6bdcfd20db7770') in 0.012780 seconds 
========================================================================
Received Import Request.
  Time since last request: 5.026360 seconds.
  path: Assets/Data/UI_Data/Character/level1_character/Need/zhang_character.asset
  artifactKey: Guid(fd6304eee04ede94ca0f4f48a039053c) Importer(815301076,1909f56bfc062723c751e8b465ee728b)
Start importing Assets/Data/UI_Data/Character/level1_character/Need/zhang_character.asset using Guid(fd6304eee04ede94ca0f4f48a039053c) Importer(815301076,1909f56bfc062723c751e8b465ee728b)  -> (artifact id: 'd55762aeabfc4ea8fabfdf913cf277c5') in 0.002843 seconds 
========================================================================
Received Import Request.
  Time since last request: 2.924919 seconds.
  path: Assets/test_Art/character/zhang.png
  artifactKey: Guid(cfb3cd44682dad847a799e377afeb32a) Importer(815301076,1909f56bfc062723c751e8b465ee728b)
Start importing Assets/test_Art/character/zhang.png using Guid(cfb3cd44682dad847a799e377afeb32a) Importer(815301076,1909f56bfc062723c751e8b465ee728b)  -> (artifact id: '3397906217d1a2e4cea25de021729599') in 0.013887 seconds 
========================================================================
Received Import Request.
  Time since last request: 57.284944 seconds.
  path: Assets/test_Art/character/1678454784645.png
  artifactKey: Guid(15ce33a2aa8087f46abf5a267610443a) Importer(815301076,1909f56bfc062723c751e8b465ee728b)
Start importing Assets/test_Art/character/1678454784645.png using Guid(15ce33a2aa8087f46abf5a267610443a) Importer(815301076,1909f56bfc062723c751e8b465ee728b)  -> (artifact id: '2f88de859e2676af2244fc4e67830a95') in 0.015558 seconds 
========================================================================
Received Import Request.
  Time since last request: 6.347861 seconds.
  path: Assets/test_Art/character/jian.png
  artifactKey: Guid(15ce33a2aa8087f46abf5a267610443a) Importer(815301076,1909f56bfc062723c751e8b465ee728b)
Start importing Assets/test_Art/character/jian.png using Guid(15ce33a2aa8087f46abf5a267610443a) Importer(815301076,1909f56bfc062723c751e8b465ee728b)  -> (artifact id: 'ef092441b3f0adc9c3b3e7c25f048cc0') in 0.020062 seconds 
========================================================================
Received Import Request.
  Time since last request: 12.428114 seconds.
  path: Assets/Data/UI_Data/Character/level1_character/Need/jian_character.asset
  artifactKey: Guid(1392a903913b9fa4eb27ab667636f608) Importer(815301076,1909f56bfc062723c751e8b465ee728b)
Start importing Assets/Data/UI_Data/Character/level1_character/Need/jian_character.asset using Guid(1392a903913b9fa4eb27ab667636f608) Importer(815301076,1909f56bfc062723c751e8b465ee728b)  -> (artifact id: 'e775ff4a52055e3821ebba6275dfb0f5') in 0.002486 seconds 
========================================================================
Received Import Request.
  Time since last request: 3.546547 seconds.
  path: Assets/Data/UI_Data/DataList.asset
  artifactKey: Guid(74d3c5368930e20408fc7fe9e2170f9f) Importer(815301076,1909f56bfc062723c751e8b465ee728b)
Start importing Assets/Data/UI_Data/DataList.asset using Guid(74d3c5368930e20408fc7fe9e2170f9f) Importer(815301076,1909f56bfc062723c751e8b465ee728b)  -> (artifact id: '7170d6cf50efaf34e751ccde449840e9') in 0.013535 seconds 
========================================================================
Received Import Request.
  Time since last request: 41.486441 seconds.
  path: Assets/Data/UI_Data/Character/level1_character/Need/deng_character.asset
  artifactKey: Guid(f7ac60fb352d7974f9b03c484b9c95b3) Importer(815301076,1909f56bfc062723c751e8b465ee728b)
Start importing Assets/Data/UI_Data/Character/level1_character/Need/deng_character.asset using Guid(f7ac60fb352d7974f9b03c484b9c95b3) Importer(815301076,1909f56bfc062723c751e8b465ee728b)  -> (artifact id: '8ab6d233fa121c6badee027abd6d01fd') in 0.002931 seconds 
========================================================================
Received Import Request.
  Time since last request: 0.008140 seconds.
  path: Assets/Data/UI_Data/Character/level1_character/Need/men_character 2.asset
  artifactKey: Guid(81f50f8a3ef67f94486a56e6e7fe4d7b) Importer(815301076,1909f56bfc062723c751e8b465ee728b)
Start importing Assets/Data/UI_Data/Character/level1_character/Need/men_character 2.asset using Guid(81f50f8a3ef67f94486a56e6e7fe4d7b) Importer(815301076,1909f56bfc062723c751e8b465ee728b)  -> (artifact id: '32cd310dc39ef5c9acd79309a290411f') in 0.003256 seconds 
========================================================================
Received Import Request.
  Time since last request: 0.000023 seconds.
  path: Assets/Data/UI_Data/Character/level1_character/Need/qiu_character.asset
  artifactKey: Guid(988faa5da8185904ca697244bf113057) Importer(815301076,1909f56bfc062723c751e8b465ee728b)
Start importing Assets/Data/UI_Data/Character/level1_character/Need/qiu_character.asset using Guid(988faa5da8185904ca697244bf113057) Importer(815301076,1909f56bfc062723c751e8b465ee728b)  -> (artifact id: '001b3d6d4a758743ddea7ed10abd9143') in 0.002634 seconds 
========================================================================
Received Import Request.
  Time since last request: 0.000027 seconds.
  path: Assets/Data/UI_Data/Character/level1_character/Need/yi_character.asset
  artifactKey: Guid(dacdc1f3b59aac740a3bee71271946cf) Importer(815301076,1909f56bfc062723c751e8b465ee728b)
Start importing Assets/Data/UI_Data/Character/level1_character/Need/yi_character.asset using Guid(dacdc1f3b59aac740a3bee71271946cf) Importer(815301076,1909f56bfc062723c751e8b465ee728b)  -> (artifact id: '89d03305fe6eba60666ac794a8341757') in 0.002595 seconds 
========================================================================
Received Import Request.
  Time since last request: 0.000036 seconds.
  path: Assets/Data/UI_Data/Character/level1_character/Need/ting_character.asset
  artifactKey: Guid(fb171c3fc059e284dba34e2b24965c53) Importer(815301076,1909f56bfc062723c751e8b465ee728b)
Start importing Assets/Data/UI_Data/Character/level1_character/Need/ting_character.asset using Guid(fb171c3fc059e284dba34e2b24965c53) Importer(815301076,1909f56bfc062723c751e8b465ee728b)  -> (artifact id: '9026c19bc844c051dc9f71a2c568681d') in 0.003382 seconds 
========================================================================
Received Import Request.
  Time since last request: 0.000027 seconds.
  path: Assets/Data/UI_Data/Character/level1_character/Need/pai_character.asset
  artifactKey: Guid(1e0c1652ef253c74c9bc8ad4d1dbe1a0) Importer(815301076,1909f56bfc062723c751e8b465ee728b)
Start importing Assets/Data/UI_Data/Character/level1_character/Need/pai_character.asset using Guid(1e0c1652ef253c74c9bc8ad4d1dbe1a0) Importer(815301076,1909f56bfc062723c751e8b465ee728b)  -> (artifact id: 'c187b860225e0dfa28affc385ef1df53') in 0.002544 seconds 
========================================================================
Received Import Request.
  Time since last request: 0.000034 seconds.
  path: Assets/Data/UI_Data/Character/level1_character/Need/jing_character 2.asset
  artifactKey: Guid(677c7fdd377ea7e438f3fc2d222f5c27) Importer(815301076,1909f56bfc062723c751e8b465ee728b)
Start importing Assets/Data/UI_Data/Character/level1_character/Need/jing_character 2.asset using Guid(677c7fdd377ea7e438f3fc2d222f5c27) Importer(815301076,1909f56bfc062723c751e8b465ee728b)  -> (artifact id: '92742cacd42b6e2ad9fd9104c6f55d7f') in 0.003504 seconds 
========================================================================
Received Prepare
Registering precompiled user dll's ...
Registered in 0.023030 seconds.
Begin MonoManager ReloadAssembly
Symbol file LoadedFromMemory doesn't match image D:\CUSGA_Branch\CUSGA\Library\PackageCache\com.unity.visualscripting@1.7.8\Editor\VisualScripting.Core\Dependencies\YamlDotNet\Unity.VisualScripting.YamlDotNet.dll
Symbol file LoadedFromMemory doesn't match image D:\CUSGA_Branch\CUSGA\Library\PackageCache\com.unity.visualscripting@1.7.8\Editor\VisualScripting.Core\Dependencies\DotNetZip\Unity.VisualScripting.IonicZip.dll
Native extension for WindowsStandalone target not found
Refreshing native plugins compatible for Editor in 1.11 ms, found 4 plugins.
Preloading 0 native plugins for Editor in 0.00 ms.
Mono: successfully reloaded assembly
- Completed reload, in  1.203 seconds
Domain Reload Profiling:
	ReloadAssembly (1204ms)
		BeginReloadAssembly (208ms)
			ExecutionOrderSort (0ms)
			DisableScriptedObjects (5ms)
			BackupInstance (0ms)
			ReleaseScriptingObjects (0ms)
			CreateAndSetChildDomain (43ms)
		EndReloadAssembly (849ms)
			LoadAssemblies (183ms)
			RebuildTransferFunctionScriptingTraits (0ms)
			SetupTypeCache (253ms)
			ReleaseScriptCaches (1ms)
			RebuildScriptCaches (38ms)
			SetupLoadedEditorAssemblies (369ms)
				LogAssemblyErrors (0ms)
				InitializePlatformSupportModulesInManaged (15ms)
				SetLoadedEditorAssemblies (1ms)
				RefreshPlugins (1ms)
				BeforeProcessingInitializeOnLoad (82ms)
				ProcessInitializeOnLoadAttributes (210ms)
				ProcessInitializeOnLoadMethodAttributes (47ms)
				AfterProcessingInitializeOnLoad (13ms)
				EditorAssembliesLoaded (0ms)
			ExecutionOrderSort2 (0ms)
			AwakeInstancesAfterBackupRestoration (14ms)
Platform modules already initialized, skipping
Refreshing native plugins compatible for Editor in 5.73 ms, found 4 plugins.
Preloading 0 native plugins for Editor in 0.00 ms.
Unloading 4069 Unused Serialized files (Serialized files now loaded: 0)
Unloading 25 unused Assets / (24.7 KB). Loaded Objects now: 4572.
Memory consumption went from 156.2 MB to 156.2 MB.
Total: 4.737400 ms (FindLiveObjects: 0.367800 ms CreateObjectMapping: 0.294000 ms MarkObjects: 4.028900 ms  DeleteObjects: 0.044500 ms)

AssetImportParameters requested are different than current active one (requested -> active):
  custom:video-decoder-ogg-theora: a1e56fd34408186e4bbccfd4996cb3dc -> 
  custom:container-muxer-webm: aa71ff27fc2769a1b78a27578f13a17b -> 
  custom:container-demuxer-webm: 4f35f7cbe854078d1ac9338744f61a02 -> 
  custom:video-encoder-webm-vp8: eb34c28f22e8b96e1ab97ce403110664 -> 
  custom:video-codec-MediaFoundation-h265: 746d11721c4dcdbdad8f713fa42b33f4 -> 
  custom:audio-encoder-webm-vorbis: bf7c407c2cedff20999df2af8eb42d56 -> 
  custom:framework-win-MediaFoundation: 216162199b28c13a410421893ffa2e32 -> 
  custom:container-demuxer-ogg: 62fdf1f143b41e24485cea50d1cbac27 -> 
  custom:video-decoder-webm-vp8: 9c59270c3fd7afecdb556c50c9e8de78 -> 
  custom:audio-decoder-ogg-vorbis: bf7c407c2cedff20999df2af8eb42d56 -> 
Editor requested this worker to shutdown with reason: Scaling down because of idle timeout
AssetImportWorker is now disconnected from the server
Process exiting
Exiting without the bug reporter. Application will terminate with return code 0