Using pre-set license
Built from '2021.3/china_unity/release' branch; Version is '2021.3.6f1c1 (07401303b748) revision 475155'; Using compiler version '192829333'; Build Type 'Release'
OS: 'Windows 11  (10.0.22621) 64bit CoreCountrySpecific' Language: 'zh' Physical Memory: 16151 MB
BatchMode: 1, IsHumanControllingUs: 0, StartBugReporterOnCrash: 0, Is64bit: 1, IsPro: 1

COMMAND LINE ARGUMENTS:
D:\GameDevelopmentTools\Unity\Unity 2021.3.6f1c1\Editor\Unity.exe
-adb2
-batchMode
-noUpm
-name
AssetImportWorker1
-projectPath
D:/CUSGA_Branch/CUSGA
-logFile
Logs/AssetImportWorker1.log
-srvPort
13914
Successfully changed project path to: D:/CUSGA_Branch/CUSGA
D:/CUSGA_Branch/CUSGA
[UnityMemory] Configuration Parameters - Can be set up in boot.config
    "memorysetup-bucket-allocator-granularity=16"
    "memorysetup-bucket-allocator-bucket-count=8"
    "memorysetup-bucket-allocator-block-size=33554432"
    "memorysetup-bucket-allocator-block-count=8"
    "memorysetup-main-allocator-block-size=16777216"
    "memorysetup-thread-allocator-block-size=16777216"
    "memorysetup-gfx-main-allocator-block-size=16777216"
    "memorysetup-gfx-thread-allocator-block-size=16777216"
    "memorysetup-cache-allocator-block-size=4194304"
    "memorysetup-typetree-allocator-block-size=2097152"
    "memorysetup-profiler-bucket-allocator-granularity=16"
    "memorysetup-profiler-bucket-allocator-bucket-count=8"
    "memorysetup-profiler-bucket-allocator-block-size=33554432"
    "memorysetup-profiler-bucket-allocator-block-count=8"
    "memorysetup-profiler-allocator-block-size=16777216"
    "memorysetup-profiler-editor-allocator-block-size=1048576"
    "memorysetup-temp-allocator-size-main=16777216"
    "memorysetup-job-temp-allocator-block-size=2097152"
    "memorysetup-job-temp-allocator-block-size-background=1048576"
    "memorysetup-job-temp-allocator-reduction-small-platforms=262144"
    "memorysetup-temp-allocator-size-background-worker=32768"
    "memorysetup-temp-allocator-size-job-worker=262144"
    "memorysetup-temp-allocator-size-preload-manager=33554432"
    "memorysetup-temp-allocator-size-nav-mesh-worker=65536"
    "memorysetup-temp-allocator-size-audio-worker=65536"
    "memorysetup-temp-allocator-size-cloud-worker=32768"
    "memorysetup-temp-allocator-size-gi-baking-worker=262144"
    "memorysetup-temp-allocator-size-gfx=262144"
AS: AutoStreaming module initializing.
Refreshing native plugins compatible for Editor in 88.46 ms, found 4 plugins.
Preloading 0 native plugins for Editor in 0.00 ms.
Initialize engine version: 2021.3.6f1c1 (07401303b748)
[Subsystems] Discovering subsystems at path D:/GameDevelopmentTools/Unity/Unity 2021.3.6f1c1/Editor/Data/Resources/UnitySubsystems
[Subsystems] Discovering subsystems at path D:/CUSGA_Branch/CUSGA/Assets
GfxDevice: creating device client; threaded=0; jobified=0
Direct3D:
    Version:  Direct3D 11.0 [level 11.1]
    Renderer: NVIDIA GeForce RTX 3050 Ti Laptop GPU (ID=0x25e0)
    Vendor:   NVIDIA
    VRAM:     3990 MB
    Driver:   30.0.15.1236
Initialize mono
Mono path[0] = 'D:/GameDevelopmentTools/Unity/Unity 2021.3.6f1c1/Editor/Data/Managed'
Mono path[1] = 'D:/GameDevelopmentTools/Unity/Unity 2021.3.6f1c1/Editor/Data/MonoBleedingEdge/lib/mono/unityjit-win32'
Mono config path = 'D:/GameDevelopmentTools/Unity/Unity 2021.3.6f1c1/Editor/Data/MonoBleedingEdge/etc'
Using monoOptions --debugger-agent=transport=dt_socket,embedding=1,server=y,suspend=n,address=127.0.0.1:56200
Begin MonoManager ReloadAssembly
Registering precompiled unity dll's ...
Register platform support module: D:/GameDevelopmentTools/Unity/Unity 2021.3.6f1c1/Editor/Data/PlaybackEngines/WindowsStandaloneSupport/UnityEditor.WindowsStandalone.Extensions.dll
Registered in 0.002877 seconds.
Native extension for WindowsStandalone target not found
Refreshing native plugins compatible for Editor in 83.31 ms, found 4 plugins.
Preloading 0 native plugins for Editor in 0.00 ms.
Mono: successfully reloaded assembly
- Completed reload, in  0.558 seconds
Domain Reload Profiling:
	ReloadAssembly (558ms)
		BeginReloadAssembly (85ms)
			ExecutionOrderSort (0ms)
			DisableScriptedObjects (0ms)
			BackupInstance (0ms)
			ReleaseScriptingObjects (0ms)
			CreateAndSetChildDomain (1ms)
		EndReloadAssembly (367ms)
			LoadAssemblies (77ms)
			RebuildTransferFunctionScriptingTraits (0ms)
			SetupTypeCache (77ms)
			ReleaseScriptCaches (0ms)
			RebuildScriptCaches (21ms)
			SetupLoadedEditorAssemblies (222ms)
				LogAssemblyErrors (0ms)
				InitializePlatformSupportModulesInManaged (5ms)
				SetLoadedEditorAssemblies (0ms)
				RefreshPlugins (83ms)
				BeforeProcessingInitializeOnLoad (1ms)
				ProcessInitializeOnLoadAttributes (94ms)
				ProcessInitializeOnLoadMethodAttributes (38ms)
				AfterProcessingInitializeOnLoad (0ms)
				EditorAssembliesLoaded (0ms)
			ExecutionOrderSort2 (0ms)
			AwakeInstancesAfterBackupRestoration (0ms)
Platform modules already initialized, skipping
Registering precompiled user dll's ...
Registered in 0.017129 seconds.
Begin MonoManager ReloadAssembly
Symbol file LoadedFromMemory doesn't match image D:\CUSGA_Branch\CUSGA\Library\PackageCache\com.unity.visualscripting@1.7.8\Editor\VisualScripting.Core\Dependencies\YamlDotNet\Unity.VisualScripting.YamlDotNet.dll
Symbol file LoadedFromMemory doesn't match image D:\CUSGA_Branch\CUSGA\Library\PackageCache\com.unity.visualscripting@1.7.8\Editor\VisualScripting.Core\Dependencies\DotNetZip\Unity.VisualScripting.IonicZip.dll
Native extension for WindowsStandalone target not found
Refreshing native plugins compatible for Editor in 79.33 ms, found 4 plugins.
Preloading 0 native plugins for Editor in 0.00 ms.
Mono: successfully reloaded assembly
- Completed reload, in  1.068 seconds
Domain Reload Profiling:
	ReloadAssembly (1069ms)
		BeginReloadAssembly (135ms)
			ExecutionOrderSort (0ms)
			DisableScriptedObjects (6ms)
			BackupInstance (0ms)
			ReleaseScriptingObjects (0ms)
			CreateAndSetChildDomain (19ms)
		EndReloadAssembly (822ms)
			LoadAssemblies (115ms)
			RebuildTransferFunctionScriptingTraits (0ms)
			SetupTypeCache (194ms)
			ReleaseScriptCaches (1ms)
			RebuildScriptCaches (48ms)
			SetupLoadedEditorAssemblies (432ms)
				LogAssemblyErrors (0ms)
				InitializePlatformSupportModulesInManaged (3ms)
				SetLoadedEditorAssemblies (0ms)
				RefreshPlugins (79ms)
				BeforeProcessingInitializeOnLoad (86ms)
				ProcessInitializeOnLoadAttributes (209ms)
				ProcessInitializeOnLoadMethodAttributes (34ms)
				AfterProcessingInitializeOnLoad (20ms)
				EditorAssembliesLoaded (0ms)
			ExecutionOrderSort2 (0ms)
			AwakeInstancesAfterBackupRestoration (9ms)
Platform modules already initialized, skipping
========================================================================
Worker process is ready to serve import requests
Launched and connected shader compiler UnityShaderCompiler.exe after 0.04 seconds
Refreshing native plugins compatible for Editor in 0.75 ms, found 4 plugins.
Preloading 0 native plugins for Editor in 0.00 ms.
Unloading 4252 Unused Serialized files (Serialized files now loaded: 0)
Unloading 51 unused Assets / (128.2 KB). Loaded Objects now: 4710.
Memory consumption went from 160.1 MB to 159.9 MB.
Total: 3.322400 ms (FindLiveObjects: 0.266000 ms CreateObjectMapping: 0.123700 ms MarkObjects: 2.829400 ms  DeleteObjects: 0.101400 ms)

AssetImportParameters requested are different than current active one (requested -> active):
  custom:video-decoder-ogg-theora: a1e56fd34408186e4bbccfd4996cb3dc -> 
  custom:container-muxer-webm: aa71ff27fc2769a1b78a27578f13a17b -> 
  custom:container-demuxer-webm: 4f35f7cbe854078d1ac9338744f61a02 -> 
  custom:video-encoder-webm-vp8: eb34c28f22e8b96e1ab97ce403110664 -> 
  custom:video-codec-MediaFoundation-h265: 746d11721c4dcdbdad8f713fa42b33f4 -> 
  custom:audio-encoder-webm-vorbis: bf7c407c2cedff20999df2af8eb42d56 -> 
  custom:framework-win-MediaFoundation: 216162199b28c13a410421893ffa2e32 -> 
  custom:container-demuxer-ogg: 62fdf1f143b41e24485cea50d1cbac27 -> 
  custom:video-decoder-webm-vp8: 9c59270c3fd7afecdb556c50c9e8de78 -> 
  custom:audio-decoder-ogg-vorbis: bf7c407c2cedff20999df2af8eb42d56 -> 
========================================================================
Received Import Request.
  Time since last request: 354542.407489 seconds.
  path: Assets/Data/UI_Data/Character/level1_character/Need/ting_character.asset
  artifactKey: Guid(fb171c3fc059e284dba34e2b24965c53) Importer(815301076,1909f56bfc062723c751e8b465ee728b)
Start importing Assets/Data/UI_Data/Character/level1_character/Need/ting_character.asset using Guid(fb171c3fc059e284dba34e2b24965c53) Importer(815301076,1909f56bfc062723c751e8b465ee728b)  -> (artifact id: '41542318c15e93c8aba6a4245e2b6adc') in 0.040933 seconds 
========================================================================
Received Import Request.
  Time since last request: 2.005012 seconds.
  path: Assets/Data/UI_Data/Brush/level1_brush/heng.asset
  artifactKey: Guid(939b85798d3214246a35c9fe886e3efa) Importer(815301076,1909f56bfc062723c751e8b465ee728b)
Start importing Assets/Data/UI_Data/Brush/level1_brush/heng.asset using Guid(939b85798d3214246a35c9fe886e3efa) Importer(815301076,1909f56bfc062723c751e8b465ee728b)  -> (artifact id: '5ef7e526910bed9ac1d28b9944415720') in 0.002673 seconds 
========================================================================
Received Import Request.
  Time since last request: 0.003471 seconds.
  path: Assets/Data/UI_Data/Brush/level1_brush/hengzhe.asset
  artifactKey: Guid(6406c33514433f644929530828d7d1eb) Importer(815301076,1909f56bfc062723c751e8b465ee728b)
Start importing Assets/Data/UI_Data/Brush/level1_brush/hengzhe.asset using Guid(6406c33514433f644929530828d7d1eb) Importer(815301076,1909f56bfc062723c751e8b465ee728b)  -> (artifact id: '55244650bdadddc14004f18abfe9315d') in 0.002813 seconds 
========================================================================
Received Import Request.
  Time since last request: 0.004251 seconds.
  path: Assets/Data/UI_Data/Brush/level1_brush/henggou.asset
  artifactKey: Guid(3ab91f10bf205f243a6f5021203eb5dd) Importer(815301076,1909f56bfc062723c751e8b465ee728b)
Start importing Assets/Data/UI_Data/Brush/level1_brush/henggou.asset using Guid(3ab91f10bf205f243a6f5021203eb5dd) Importer(815301076,1909f56bfc062723c751e8b465ee728b)  -> (artifact id: 'c83505e89e9911fc81d7860ff397c278') in 0.003455 seconds 
========================================================================
Received Import Request.
  Time since last request: 0.000030 seconds.
  path: Assets/Data/UI_Data/Brush/level1_brush/shuwangou.asset
  artifactKey: Guid(de616993492aa974c840d69309a8ac78) Importer(815301076,1909f56bfc062723c751e8b465ee728b)
Start importing Assets/Data/UI_Data/Brush/level1_brush/shuwangou.asset using Guid(de616993492aa974c840d69309a8ac78) Importer(815301076,1909f56bfc062723c751e8b465ee728b)  -> (artifact id: '7867d46383755138c1e936614f9fa988') in 0.002945 seconds 
========================================================================
Received Import Request.
  Time since last request: 0.000023 seconds.
  path: Assets/Data/UI_Data/Brush/level1_brush/ti.asset
  artifactKey: Guid(d16f5e2ae19e994448d3386c267d9611) Importer(815301076,1909f56bfc062723c751e8b465ee728b)
Start importing Assets/Data/UI_Data/Brush/level1_brush/ti.asset using Guid(d16f5e2ae19e994448d3386c267d9611) Importer(815301076,1909f56bfc062723c751e8b465ee728b)  -> (artifact id: '52233bc5617f2d156add1c2fcc252a5b') in 0.003051 seconds 
========================================================================
Received Import Request.
  Time since last request: 0.000025 seconds.
  path: Assets/Data/UI_Data/Brush/level1_brush/pie.asset
  artifactKey: Guid(3fc236cf2f455764ca5ddfc56afe4da2) Importer(815301076,1909f56bfc062723c751e8b465ee728b)
Start importing Assets/Data/UI_Data/Brush/level1_brush/pie.asset using Guid(3fc236cf2f455764ca5ddfc56afe4da2) Importer(815301076,1909f56bfc062723c751e8b465ee728b)  -> (artifact id: 'c9b9d01138998e7130b73bbc98fafe35') in 0.002986 seconds 
========================================================================
Received Import Request.
  Time since last request: 0.000052 seconds.
  path: Assets/Data/UI_Data/Brush/level1_brush/hengzhezhepie.asset
  artifactKey: Guid(b4659c31c46f9344eba1cd5003a05e46) Importer(815301076,1909f56bfc062723c751e8b465ee728b)
Start importing Assets/Data/UI_Data/Brush/level1_brush/hengzhezhepie.asset using Guid(b4659c31c46f9344eba1cd5003a05e46) Importer(815301076,1909f56bfc062723c751e8b465ee728b)  -> (artifact id: 'c13fc7c1277728ca504de251a37ce415') in 0.002459 seconds 
Editor requested this worker to shutdown with reason: Scaling down because of idle timeout
AssetImportWorker is now disconnected from the server
Process exiting
Exiting without the bug reporter. Application will terminate with return code 0